Application started
Clicked Deal
--- New hand ---
Seat 1 posted blind 10
Seat 2 posted blind 20
Seat 3 called 20
Seat 4 folded
Seat 5 called 20
Seat 0 called 20
Clicked Fold
Seat 1 folded
Seat 2 checked
Seat 3 checked
Seat 5 checked
Seat 0 checked
Seat 2 checked
Seat 3 checked
Seat 5 checked
Seat 0 checked
Seat 2 checked
Seat 3 checked
Seat 5 checked
Hand complete. Seat 3 won 90
--- New hand ---
Seat 2 posted blind 10
Seat 3 posted blind 20
Seat 4 called 20
Seat 5 folded
Clicked 3BB -> bet amount 60
Clicked Bet/Raise 60
Seat 0 raised 80
Seat 1 folded
Seat 2 called 70
Seat 3 called 60
Seat 4 folded
Seat 2 checked
Seat 3 checked
Clicked Check
Seat 0 checked
Seat 2 checked
Seat 3 checked
Clicked Check
Seat 0 checked
Seat 2 checked
Seat 3 checked
Application started
Clicked Deal
--- New hand ---
Seat 1 posted blind 10
Seat 2 posted blind 20
Seat 3 folded
Clicked Call
Seat 4 called 20
Seat 5 folded
Seat 0 called 20
Seat 1 called 10
Seat 1 checked
Seat 2 checked
Clicked Check
Seat 4 checked
Seat 0 checked
Seat 1 checked
Seat 2 bet 40
Clicked Call
Seat 4 called 40
Seat 0 called 40
Seat 1 folded
Seat 2 checked
Clicked Pot -> bet amount 200
Clicked Bet/Raise 200
Seat 4 bet 200
Seat 0 called 200
Seat 2 raised 260
Clicked Call
Seat 4 called 60
Hand complete. Seat 2 won 980
--- New hand ---
Seat 2 posted blind 10
Seat 3 posted blind 20
Seat 4 called 20
Seat 5 folded
Seat 0 folded
Application started
Clicked Deal
--- New hand ---
Seat 1 posted blind 10
Seat 2 posted blind 20
Seat 3 folded
Seat 4 called 20
Seat 5 called 20
Clicked Fold
Seat 0 folded
Seat 1 called 10
Seat 1 checked
Seat 2 checked
Seat 4 checked
Seat 5 checked
Seat 1 checked
Seat 2 checked
Seat 4 checked
Seat 5 bet 40
Seat 1 called 40
Seat 2 called 40
Seat 4 folded
Seat 1 checked
Seat 2 checked
Hand complete. Seat 5 won 200
--- New hand ---
Seat 2 posted blind 10
Seat 3 posted blind 20
Seat 4 folded
Seat 5 called 20
